<?xml version="1.0" encoding="utf-8"?><testsuites name="pytest tests"><testsuite name="pytest" errors="0" failures="0" skipped="0" tests="10" time="6.130" timestamp="2026-09-15T13:19:26.370684-03:00" hostname="DESKTOP-1V3OH25"><testcase classname="tests.smoke.test_smoke" name="test_constructor" time="2.462" /><testcase classname="tests.smoke.test_smoke" name="test_bytes_and_strings" time="2.503" /><testcase classname="tests.smoke.test_smoke" name="test_alignment" time="2.539" /><testcase classname="tests.smoke.test_smoke" name="test_arrays" time="0.750" /><testcase classname="tests.smoke.test_smoke" name="test_structs" time="0.349" /><testcase classname="tests.smoke.test_smoke" name="test_basic" time="0.742" /><testcase classname="tests.smoke.test_smoke" name="test_multiline" time="0.457" /><testcase classname="tests.smoke.test_smoke" name="test_failure" time="0.242" /><testcase classname="tests.smoke.test_smoke" name="test_multiline_comments" time="0.410" /><testcase classname="tests.smoke.test_smoke" name="test_fallback" time="0.536" /></testsuite></testsuites>