<?xml version="1.0" encoding="utf-8"?><testsuites name="pytest tests"><testsuite name="pytest" errors="0" failures="1" skipped="0" tests="46" time="12.663" timestamp="2026-09-15T11:30:38.584781-03:00" hostname="DESKTOP-1V3OH25"><testcase classname="tests.puyasolRegression.test_puyasol_regression" name="test_dce_reverting_subexpr_literal_folds" time="1.134"><failure message="AssertionError: divdivShl(uint256)(0,) must revert (divide/mod by zero)&#10;assert False&#10; +  where False = getattr(Result(abi_return=0, logs=[b'\x15\x1f|u\x00\x00\x00\x00\x00\x00\x00\x00\x00\x00\x00\x00\x00\x00\x00\x00\x00\x00\x00\x0...x00\x00\x00\x00\x00\x00\x00'], reverted=False, revert_data=b'', revert_reason=None, raw_response=None, fail_message=''), 'reverted', False)">tests/puyasolRegression/test_puyasol_regression.py:2142: in test_dce_reverting_subexpr_literal_folds
    assert getattr(r, "reverted", False), f"{sig}{args} must revert (divide/mod by zero)"
E   AssertionError: divdivShl(uint256)(0,) must revert (divide/mod by zero)
E   assert False
E    +  where False = getattr(Result(abi_return=0, logs=[b'\x15\x1f|u\x00\x00\x00\x00\x00\x00\x00\x00\x00\x00\x00\x00\x00\x00\x00\x00\x00\x00\x00\x0...x00\x00\x00\x00\x00\x00\x00'], reverted=False, revert_data=b'', revert_reason=None, raw_response=None, fail_message=''), 'reverted', False)</failure></testcase><testcase classname="tests.puyasolRegression.test_transient_words" name="test_canonical_transient_words[True-False-arc4]" time="2.125" /><testcase classname="tests.puyasolRegression.test_transient_words" name="test_canonical_transient_words[True-True-evm]" time="4.685" /><testcase classname="tests.puyasolRegression.test_transient_words" name="test_canonical_transient_words[False-False-evm]" time="3.375" /><testcase classname="tests.puyasolRegression.test_transient_words" name="test_canonical_transient_words[True-False-evm]" time="3.092" /><testcase classname="tests.structs.test_structs" name="test_multislot_struct_allocation" time="0.165" /><testcase classname="tests.puyasolRegression.test_transient_words" name="test_canonical_transient_words[False-True-evm]" time="3.362" /><testcase classname="tests.structs.test_structs" name="test_nested_struct_allocation" time="0.116" /><testcase classname="tests.structs.test_structs" name="test_struct_copy" time="0.448" /><testcase classname="tests.puyasolRegression.test_transient_words" name="test_canonical_transient_words[True-True-arc4]" time="1.010" /><testcase classname="tests.structs.test_structs" name="test_struct_delete_storage_with_array" time="0.243" /><testcase classname="tests.structs.test_structs" name="test_struct_delete_storage_with_arrays_small" time="0.225" /><testcase classname="tests.types.test_types" name="test_mapping_contract_key_library" time="0.420" /><testcase classname="tests.types.test_types" name="test_mapping_enum_key_getter_v1" time="0.376" /><testcase classname="tests.types.test_types" name="test_mapping_enum_key_v2" time="0.712" /><testcase classname="tests.types.test_types" name="test_mapping_enum_key_getter_v2" time="0.546" /><testcase classname="tests.types.test_types" name="test_mapping_simple" time="0.431" /><testcase classname="tests.types.test_types" name="test_mapping_enum_key_library_v2" time="0.375" /><testcase classname="tests.types.test_types" name="test_nested_tuples" time="0.309" /><testcase classname="tests.types.test_types" name="test_packing_signed_types" time="0.195" /><testcase classname="tests.types.test_types" name="test_packing_unpacking_types" time="0.215" /><testcase classname="tests.types.test_types" name="test_strings" time="0.173" /><testcase classname="tests.types.test_types" name="test_tuple_assign_multi_slot_grow" time="0.211" /><testcase classname="tests.types.test_types" name="test_struct_mapping_abstract_constructor_param" time="0.298" /><testcase classname="tests.types.test_types" name="test_type_conversion_cleanup" time="0.120" /><testcase classname="tests.structs.test_structs" name="test_packed_storage_structs_delete" time="0.129" /><testcase classname="tests.underscore.test_underscore" name="test_as_function" time="0.138" /><testcase classname="tests.uninitializedFunctionPointer.test_uninitializedFunctionPointer" name="test_invalidInConstructor" time="0.114" /><testcase classname="tests.structs.test_structs" name="test_recursive_structs" time="0.152" /><testcase classname="tests.uninitializedFunctionPointer.test_uninitializedFunctionPointer" name="test_invalidStoredInConstructor" time="0.137" /><testcase classname="tests.uninitializedFunctionPointer.test_uninitializedFunctionPointer" name="test_store2" time="0.126" /><testcase classname="tests.structs.test_structs" name="test_simple_struct_allocation" time="0.133" /><testcase classname="tests.uninitializedFunctionPointer.test_uninitializedFunctionPointer" name="test_uninitialized_internal_storage_function_via_yul" time="0.107" /><testcase classname="tests.uninitializedFunctionPointer.test_uninitializedFunctionPointer" name="test_storeInConstructor" time="0.107" /><testcase classname="tests.structs.test_structs" name="test_struct_assign_reference_to_struct" time="0.221" /><testcase classname="tests.userDefinedValueType.test_userDefinedValueType" name="test_assembly_access_bytes2_abicoder_v1" time="0.106" /><testcase classname="tests.userDefinedValueType.test_userDefinedValueType" name="test_abicodec" time="0.414" /><testcase classname="tests.userDefinedValueType.test_userDefinedValueType" name="test_calldata_to_storage" time="0.343" /><testcase classname="tests.structs.test_structs" name="test_struct_constructor_nested" time="0.177" /><testcase classname="tests.userDefinedValueType.test_userDefinedValueType" name="test_conversion" time="0.563" /><testcase classname="tests.userDefinedValueType.test_userDefinedValueType" name="test_assembly_access_bytes2_abicoder_v2" time="0.096" /><testcase classname="tests.userDefinedValueType.test_userDefinedValueType" name="test_constant" time="0.173" /><testcase classname="tests.userDefinedValueType.test_userDefinedValueType" name="test_storage_layout" time="0.201" /><testcase classname="tests.userDefinedValueType.test_userDefinedValueType" name="test_storage_layout_struct" time="1.398" /><testcase classname="tests.userDefinedValueType.test_userDefinedValueType" name="test_storage_signed" time="0.490" /><testcase classname="tests.userDefinedValueType.test_userDefinedValueType" name="test_simple" time="0.159" /></testsuite></testsuites>